0 info it worked if it ends with ok
1 verbose cli [ '/home/anthony/.nvm/versions/node/v6.9.4/bin/node',
1 verbose cli   '/home/anthony/.nvm/versions/node/v6.9.4/bin/npm',
1 verbose cli   'run',
1 verbose cli   'dev' ]
2 info using npm@3.10.10
3 info using node@v6.9.4
4 verbose run-script [ 'predev', 'dev', 'postdev' ]
5 info lifecycle kickstart@1.0.0~predev: kickstart@1.0.0
6 silly lifecycle kickstart@1.0.0~predev: no script for predev, continuing
7 info lifecycle kickstart@1.0.0~dev: kickstart@1.0.0
8 verbose lifecycle kickstart@1.0.0~dev: unsafe-perm in lifecycle true
9 verbose lifecycle kickstart@1.0.0~dev: PATH: /home/anthony/.nvm/versions/node/v6.9.4/lib/node_modules/npm/bin/node-gyp-bin:/home/anthony/projects/kickstart/node_modules/.bin:/home/anthony/.rvm/gems/ruby-2.3.1/bin:/home/anthony/.rvm/gems/ruby-2.3.1@global/bin:/home/anthony/.rvm/rubies/ruby-2.3.1/bin:/home/anthony/bin:/home/anthony/.local/bin:/home/anthony/.nvm/versions/node/v6.9.4/bin:/home/anthony/bin:/home/anthony/.local/bin:/usr/local/sbin:/usr/local/bin:/usr/sbin:/usr/bin:/sbin:/bin:/usr/games:/usr/local/games:/snap/bin:/usr/lib/jvm/java-8-oracle/bin:/usr/lib/jvm/java-8-oracle/db/bin:/usr/lib/jvm/java-8-oracle/jre/bin:/usr/local/go/bin:/home/anthony/.rvm/bin:/usr/lib/jvm/java-8-oracle/bin:/usr/lib/jvm/java-8-oracle/db/bin:/usr/lib/jvm/java-8-oracle/jre/bin:/usr/local/go/bin:/home/anthony/.rvm/bin:/home/anthony/.rvm/bin
10 verbose lifecycle kickstart@1.0.0~dev: CWD: /home/anthony/projects/kickstart
11 silly lifecycle kickstart@1.0.0~dev: Args: [ '-c', 'node server.js' ]
12 silly lifecycle kickstart@1.0.0~dev: Returned: code: 1  signal: null
13 info lifecycle kickstart@1.0.0~dev: Failed to exec dev script
14 verbose stack Error: kickstart@1.0.0 dev: `node server.js`
14 verbose stack Exit status 1
14 verbose stack     at EventEmitter.<anonymous> (/home/anthony/.nvm/versions/node/v6.9.4/lib/node_modules/npm/lib/utils/lifecycle.js:255:16)
14 verbose stack     at emitTwo (events.js:106:13)
14 verbose stack     at EventEmitter.emit (events.js:191:7)
14 verbose stack     at ChildProcess.<anonymous> (/home/anthony/.nvm/versions/node/v6.9.4/lib/node_modules/npm/lib/utils/spawn.js:40:14)
14 verbose stack     at emitTwo (events.js:106:13)
14 verbose stack     at ChildProcess.emit (events.js:191:7)
14 verbose stack     at maybeClose (internal/child_process.js:877:16)
14 verbose stack     at Process.ChildProcess._handle.onexit (internal/child_process.js:226:5)
15 verbose pkgid kickstart@1.0.0
16 verbose cwd /home/anthony/projects/kickstart
17 error Linux 4.4.0-119-generic
18 error argv "/home/anthony/.nvm/versions/node/v6.9.4/bin/node" "/home/anthony/.nvm/versions/node/v6.9.4/bin/npm" "run" "dev"
19 error node v6.9.4
20 error npm  v3.10.10
21 error code ELIFECYCLE
22 error kickstart@1.0.0 dev: `node server.js`
22 error Exit status 1
23 error Failed at the kickstart@1.0.0 dev script 'node server.js'.
23 error Make sure you have the latest version of node.js and npm installed.
23 error If you do, this is most likely a problem with the kickstart package,
23 error not with npm itself.
23 error Tell the author that this fails on your system:
23 error     node server.js
23 error You can get information on how to open an issue for this project with:
23 error     npm bugs kickstart
23 error Or if that isn't available, you can get their info via:
23 error     npm owner ls kickstart
23 error There is likely additional logging output above.
24 verbose exit [ 1, true ]
